data:
[[-6.70977733 -3.06251461]
 [-5.45428339  5.06047687]
 [-4.78019899 -4.70068059]
 [ 3.97896679 -6.80576521]
 [ 7.25408026  2.4831334 ]
 [ 5.68732308  4.21836495]
 [ 6.90848047  2.86403893]
 [-5.88524386 -5.91057324]
 [ 2.81447073  6.85509384]
 [-5.31590418  4.64504528]
 [ 5.40896553  4.97071472]
 [ 5.99614843  4.13670391]
 [ 6.75100323  3.07428356]
 [ 6.68568403 -7.3337721 ]
 [ 5.51959469 -6.20144965]
 [ 4.34786503 -6.39395688]
 [ 5.28624448 -4.88525656]
 [ 5.36370294  4.57459382]
 [ 6.73697113  3.31268643]
 [ 4.89924796 -6.44608933]
 [ 5.81334033  3.9339253 ]
 [ 3.10352127 -3.97473925]
 [ 3.69216364  6.40539146]
 [ 5.17758147  5.01266472]
 [ 3.89894477  5.94336464]
 [ 7.61619689  2.1486713 ]
 [-4.90172599 -4.72196673]
 [-5.94646689  4.56335516]
 [-5.60335923 -6.31857948]
 [ 5.42806873 -5.37081083]
 [ 5.07164596 -6.07678272]
 [ 6.32827533  3.13039617]
 [ 6.5977549   3.51313383]
 [ 6.90637535  3.16718082]
 [ 5.28406089  4.85291343]
 [ 4.83229992  5.7824621 ]
 [ 4.28267308  6.03005697]
 [ 6.58240035  3.40681072]
 [-5.07332439  4.682153  ]
 [-4.64828008 -3.84677417]
 [ 6.3311082  -5.3218341 ]
 [ 4.38841945  5.5032916 ]
 [-3.42228964  7.0805433 ]
 [ 5.52268552 -4.81799556]
 [ 7.06843862  2.65421817]
 [ 6.13351375  3.99752317]
 [ 2.10133427 -5.4936462 ]
 [ 4.88935952  5.33203465]
 [ 5.16773745  4.8625051 ]
 [ 5.45608748  4.70037308]
 [ 4.70484067 -7.36110213]
 [-5.01623078  5.4266123 ]
 [ 6.45190301 -4.93398798]
 [ 6.24980521  3.91118394]
 [ 3.64845136  6.03160034]
 [ 6.52791317  3.27764875]
 [ 6.40663892  3.01837822]
 [ 4.93185646 -5.25705365]
 [-6.43347921 -7.42201871]
 [ 0.88158064  8.70197295]
 [ 3.80538992  6.20028197]
 [ 5.20714633  4.63664746]
 [-5.29864565  4.02638297]
 [-4.85870455 -4.8459469 ]
 [ 6.41528814  3.58416527]
 [-4.31336243 -5.30963924]
 [ 3.60086051  6.57420856]
 [ 5.54477147 -4.39012099]
 [ 3.27522075  6.61762296]
 [ 5.58539291  4.32568169]
 [ 6.24640647  3.65939969]
 [ 5.31889747 -4.71562628]
 [-5.20357242 -4.5947577 ]
 [-6.66452025 -8.45151848]
 [ 6.19747645  3.74897485]
 [ 5.45788665  4.52630465]
 [-4.7321569  -4.91750487]
 [ 4.41305506 -5.60152343]
 [ 3.15331078  6.92933717]
 [-3.93752042  6.10798409]
 [ 4.57054949  5.55154709]
 [ 5.85357642 -6.08012225]
 [ 5.76781597  4.2463274 ]
 [ 6.70359196  3.36558903]
 [ 5.20640292 -5.2310606 ]
 [ 1.69308604 -5.21675217]
 [-5.37858349 -4.65769294]
 [-4.12627436  4.70076776]
 [ 3.49020934  6.33652808]
 [-5.66151328 -5.38819198]
 [ 4.30101212 -4.03212178]
 [ 5.49921112  4.23688923]
 [ 5.03281856 -5.6759381 ]
 [ 1.72657604  8.16992111]
 [ 3.96469437 -4.68743608]
 [-5.20227731  4.77735782]
 [ 5.72886183  4.30675489]
 [-7.71550838 -4.86363688]
 [ 4.58000075  5.26373967]
 [-4.815805   -4.04482644]]
------------------
The initial cluster is:
[[-0.40121269 -0.13599661]
 [-0.57408643  0.14465075]
 [ 0.41199359 -0.11150958]
 [ 0.08800973  0.09605186]]
[0, 1]
d: 2
n: 100
k: 4
Converge at UID 4
initial miu:
[[-5.51911196 -5.19105143]
 [-4.8793217   5.10706786]
 [ 4.82053673 -5.51270599]
 [ 5.27524707  4.68174472]]
initial Sigma:
[[[5. 0.]
  [0. 5.]]

 [[5. 0.]
  [0. 5.]]

 [[5. 0.]
  [0. 5.]]

 [[5. 0.]
  [0. 5.]]]
cluster pi:
[0.25 0.25 0.25 0.25]
--------------------
UID 0
p:
[[4.38636090e-03 7.27634889e-06 7.54009915e-09 1.18771824e-11]
 [2.21148101e-07 7.68245523e-03 3.01134675e-12 8.01611946e-08]
 [7.34235268e-03 5.37368968e-07 7.52075691e-07 5.03488926e-11]
 [7.53030362e-07 2.22758069e-12 6.26262123e-03 1.28072459e-08]
 [1.88698325e-12 1.66191467e-09 7.45055307e-06 3.31655678e-03]
 [4.16211038e-12 1.06242571e-07 5.79521853e-07 7.64286050e-03]
 [2.47499578e-12 4.56332641e-09 4.67319450e-06 4.37623729e-03]
 [7.44171706e-03 3.93328567e-08 8.42141919e-08 4.34871047e-13]
 [3.98452506e-12 1.59159968e-05 1.24647034e-09 2.70854812e-03]
 [5.06725111e-07 7.62796941e-03 9.42892896e-12 1.09143695e-07]
 [1.77078834e-12 2.04802293e-07 1.32267755e-07 7.86191129e-03]
 [2.40710211e-12 5.40391466e-08 6.37275441e-07 7.32017430e-03]
 [2.59076129e-12 7.21249678e-09 3.48704916e-06 4.93779874e-03]
 [1.75677046e-09 2.48028384e-15 4.03093602e-03 3.59906748e-09]
 [3.75168187e-08 4.67909926e-13 7.21408364e-03 5.80293763e-08]
 [4.14452447e-07 2.99623171e-12 7.18751416e-03 3.51349057e-08]
 [6.84468726e-08 1.23968378e-11 7.47236955e-03 8.56765328e-07]
 [4.29624070e-12 2.18841752e-07 2.99814151e-07 7.92657640e-03]
 [1.79915467e-12 8.16150491e-09 2.31672716e-06 5.32201903e-03]
 [1.34008556e-07 9.33844753e-13 7.27601320e-03 3.36292567e-08]
 [5.30526476e-12 7.66941695e-08 9.75760539e-07 7.29682652e-03]
 [4.10463518e-06 3.65589492e-09 4.67327510e-03 2.80300171e-06]
 [2.47609477e-12 4.38988884e-06 4.87849541e-09 4.59757984e-03]
 [2.67922122e-12 3.27938739e-07 1.23804714e-07 7.84806525e-03]
 [4.80839082e-12 3.38613175e-06 1.49533495e-08 5.60833809e-03]
 [1.22118062e-12 5.66409022e-10 1.04013683e-05 2.42267377e-03]
 [7.47936091e-03 5.15893180e-07 5.96980194e-07 3.78518654e-11]
 [5.86151701e-07 6.88256920e-03 2.98404723e-12 2.76246462e-08]
 [6.99056512e-03 1.65577681e-08 1.45295902e-07 3.35567457e-13]
 [5.06164893e-08 3.44081808e-12 7.63927490e-03 3.30336174e-07]
 [1.01021747e-07 1.53743778e-12 7.64536966e-03 7.60988490e-08]
 [6.53089458e-12 1.93320448e-08 3.66056943e-06 5.59176266e-03]
 [1.78909661e-12 1.20379767e-08 1.70636503e-06 5.82000892e-03]
 [1.51421426e-12 5.20465297e-09 2.79182039e-06 4.84374668e-03]
 [2.94428934e-12 2.63063381e-07 1.71238212e-07 7.91861375e-03]
 [1.08748116e-12 6.19801850e-07 2.34536866e-08 6.90089309e-03]
 [1.89818167e-12 1.67769771e-06 1.29596762e-08 6.00379963e-03]
 [2.23092518e-12 1.20403391e-08 2.07551316e-06 5.69394191e-03]
 [4.63713102e-07 7.77079534e-03 1.42013093e-11 1.81225331e-07]
 [6.14793987e-03 2.64705947e-06 7.82681860e-07 3.01384022e-10]
 [6.49614673e-09 5.48062408e-13 6.30148196e-03 3.26755509e-07]
 [4.87938603e-12 1.48034702e-06 4.28636837e-08 6.86406192e-03]
 [1.52154191e-09 4.35617451e-03 1.20589101e-12 2.35375762e-06]
 [4.06897256e-08 8.72165641e-12 7.20502805e-03 9.67828205e-07]
 [2.31603437e-12 2.83150214e-09 6.16602016e-06 3.82275095e-03]
 [2.26598526e-12 3.88904576e-08 8.03694026e-07 7.04212754e-03]
 [2.39324700e-05 8.26418056e-10 3.79688632e-03 9.45477803e-08]
 [2.53952921e-12 5.77634691e-07 6.34226182e-08 7.50135331e-03]
 [3.70657935e-12 3.32785441e-07 1.69459376e-07 7.90688186e-03]
 [2.74411194e-12 1.83168160e-07 2.29859437e-07 7.91571090e-03]
 [1.46295684e-07 1.51621835e-13 5.63973552e-03 3.97935286e-09]
 [1.00629318e-07 7.84665074e-03 3.30536041e-12 1.92862102e-07]
 [4.85081828e-09 9.22397141e-13 5.88919282e-03 6.79737678e-07]
 [2.02139324e-12 2.94857054e-08 9.16481364e-07 6.80803328e-03]
 [6.28468271e-12 5.13881244e-06 1.15889774e-08 5.08442740e-03]
 [3.16998678e-12 1.30282673e-08 2.65743460e-06 5.57776898e-03]
 [6.52360292e-12 1.54931789e-08 4.32936286e-06 5.30299697e-03]
 [1.46459740e-07 1.18064284e-11 7.88047700e-03 4.10606585e-07]
 [4.44588979e-03 9.80328036e-10 1.78826534e-08 4.05616877e-15]
 [5.73279517e-13 7.96763843e-05 2.94937758e-12 2.30517870e-04]
 [3.21487289e-12 3.79340182e-06 8.10748112e-09 5.08551293e-03]
 [5.33360995e-12 3.02534754e-07 2.68369518e-07 7.93657737e-03]
 [1.64197695e-06 6.94515923e-03 3.29439602e-11 1.08460971e-07]
 [7.51375433e-03 4.03888465e-07 6.60646852e-07 3.26760706e-11]
 [2.44924457e-12 1.86312404e-08 1.59567769e-06 6.18551573e-03]
 [6.85961576e-03 1.52409505e-07 1.91482986e-06 3.87361203e-11]
 [1.97411520e-12 4.89438013e-06 3.18675910e-09 4.19932336e-03]
 [3.68597050e-08 1.90920992e-11 6.64611758e-03 2.13657809e-06]
 [3.19049593e-12 8.29619930e-06 2.62273373e-09 3.66534111e-03]
 [4.26430950e-12 1.33962121e-07 4.77807380e-07 7.76708793e-03]
 [3.19915885e-12 2.77997415e-08 1.46380355e-06 6.51241802e-03]
 [6.29475255e-08 1.62246568e-11 7.27144019e-03 1.18090580e-06]
 [7.58919586e-03 6.54198766e-07 3.22255202e-07 2.57540503e-11]
 [2.41155349e-03 6.22105021e-11 6.43270894e-09 1.75869475e-16]
 [3.06030987e-12 3.17702197e-08 1.25851651e-06 6.68880142e-03]
 [3.84264712e-12 1.79385746e-07 3.26706012e-07 7.89640454e-03]
 [7.41032194e-03 3.49446172e-07 8.49902438e-07 3.67604692e-11]
 [4.13947616e-07 1.53838559e-11 7.80519602e-03 1.92484550e-07]
 [1.87437341e-12 9.10715067e-06 1.17433773e-09 3.06064731e-03]
 [1.81138511e-08 6.57742052e-03 5.27657784e-12 1.35842510e-06]
 [3.05964497e-12 1.04917515e-06 3.90204806e-08 7.00821184e-03]
 [1.81883895e-08 3.03781995e-13 6.91374865e-03 7.33775504e-08]
 [3.29607712e-12 9.00344131e-08 5.40903162e-07 7.60657474e-03]
 [1.78387562e-12 8.98340804e-09 2.13687052e-06 5.45022792e-03]
 [8.20060640e-08 7.22231929e-12 7.76302287e-03 4.37216319e-07]
 [4.41962390e-05 2.55940272e-09 2.96614774e-03 1.25031392e-07]
 [7.70436233e-03 5.70640109e-07 2.28893594e-07 1.58403321e-11]
 [3.75691347e-07 7.38224704e-03 8.11390858e-11 1.17192653e-06]
 [4.19059584e-12 6.28474046e-06 5.46642394e-09 4.39674165e-03]
 [7.89512506e-03 1.25654549e-07 1.37099204e-07 2.09152528e-12]
 [4.59151195e-07 4.23509448e-10 6.21170750e-03 3.69576786e-06]
 [6.10090343e-12 1.57936649e-07 5.75479044e-07 7.74766741e-03]
 [1.15826611e-07 3.99825765e-12 7.88523024e-03 1.76804964e-07]
 [7.71025738e-13 3.99884370e-05 2.34766166e-11 6.71021621e-04]
 [9.78519421e-07 2.24815771e-10 6.89693026e-03 1.04902125e-06]
 [3.87825685e-07 7.77481412e-03 9.04650410e-12 1.38491132e-07]
 [3.20960654e-12 9.87747750e-08 4.84144003e-07 7.67201048e-03]
 [4.85493877e-03 1.74725574e-07 1.17555288e-09 4.32776535e-14]
 [5.51854869e-12 1.04857848e-06 7.31042254e-08 7.31629072e-03]
 [6.63037700e-03 1.85986083e-06 6.05011875e-07 1.53346734e-10]]
p_margin: 
[0.00439364 0.00768276 0.00734364 0.00626339 0.00332401 0.00764355
 0.00438092 0.00744184 0.00272447 0.00762859 0.00786225 0.00732087
 0.00494129 0.00403094 0.00721418 0.00718796 0.00747329 0.0079271
 0.00532434 0.00727618 0.00729788 0.00468019 0.00460197 0.00784852
 0.00561174 0.00243308 0.00748047 0.00688318 0.00699073 0.00763966
 0.00764555 0.00559544 0.00582173 0.00484654 0.00791905 0.00690154
 0.00600549 0.00569603 0.00777144 0.00615137 0.00630182 0.00686559
 0.00435853 0.00720604 0.00382892 0.00704297 0.00382091 0.00750199
 0.00790738 0.00791612 0.00563989 0.00784694 0.00588988 0.00680898
 0.00508958 0.00558044 0.00530734 0.00788103 0.00444591 0.00031019
 0.00508931 0.00793715 0.00694691 0.00751482 0.00618713 0.00686168
 0.00420422 0.00664829 0.00367364 0.0077677  0.00651391 0.00727268
 0.00759017 0.00241156 0.00669009 0.00789691 0.00741152 0.0078058
 0.00306976 0.0065788  0.0070093  0.00691384 0.00760721 0.00545237
 0.00776354 0.00301047 0.00770516 0.00738379 0.00440303 0.00789539
 0.00621586 0.0077484  0.00788552 0.00071101 0.00689896 0.00777534
 0.00767259 0.00485511 0.00731741 0.00663284]
r:
[[9.98342173e-01 1.65610768e-03 1.71613763e-06 2.70326413e-09]
 [2.87849940e-05 9.99960781e-01 3.91961756e-10 1.04339106e-05]
 [9.99824407e-01 7.31747211e-05 1.02411811e-04 6.85612008e-09]
 [1.20227339e-04 3.55651131e-10 9.99877728e-01 2.04477957e-06]
 [5.67682956e-10 4.99972976e-07 2.24143589e-03 9.97758064e-01]
 [5.44526092e-10 1.38996439e-05 7.58184530e-05 9.99910281e-01]
 [5.64949503e-10 1.04163773e-06 1.06671653e-03 9.98932241e-01]
 [9.99983398e-01 5.28536673e-06 1.13163122e-05 5.84359529e-11]
 [1.46249797e-09 5.84187893e-03 4.57510071e-07 9.94157662e-01]
 [6.64245194e-05 9.99919267e-01 1.23599968e-09 1.43071999e-05]
 [2.25226711e-10 2.60488201e-05 1.68231464e-05 9.99957128e-01]
 [3.28800204e-10 7.38152418e-06 8.70491925e-05 9.99905569e-01]
 [5.24308372e-10 1.45963754e-06 7.05695687e-04 9.99292844e-01]
 [4.35821386e-07 6.15311315e-13 9.99998671e-01 8.92860287e-07]
 [5.20042789e-06 6.48597594e-11 9.99986756e-01 8.04379470e-06]
 [5.76592288e-05 4.16840125e-10 9.99937452e-01 4.88801933e-06]
 [9.15886160e-06 1.65881825e-09 9.99876196e-01 1.14643588e-04]
 [5.41969116e-10 2.76068031e-05 3.78214402e-05 9.99934571e-01]
 [3.37911055e-10 1.53286584e-06 4.35119744e-04 9.99563347e-01]
 [1.84174306e-05 1.28342708e-10 9.99976961e-01 4.62182805e-06]
 [7.26959816e-10 1.05091040e-05 1.33704675e-04 9.99855785e-01]
 [8.77023869e-04 7.81143016e-07 9.98523287e-01 5.98908136e-04]
 [5.38050506e-10 9.53914180e-04 1.06008742e-06 9.99045025e-01]
 [3.41366557e-10 4.17835292e-05 1.57742811e-05 9.99942442e-01]
 [8.56845028e-10 6.03401484e-04 2.66465512e-06 9.99393933e-01]
 [5.01908190e-10 2.32795478e-07 4.27498753e-03 9.95724779e-01]
 [9.99851225e-01 6.89653079e-05 7.98051311e-05 5.06008929e-09]
 [8.51570709e-05 9.99910829e-01 4.33527226e-10 4.01335346e-06]
 [9.99976847e-01 2.36853308e-06 2.07840905e-05 4.80017970e-11]
 [6.62549339e-06 4.50389146e-10 9.99950134e-01 4.32396668e-05]
 [1.32131488e-05 2.01089317e-10 9.99976833e-01 9.95335600e-06]
 [1.16718106e-09 3.45496259e-06 6.54205523e-04 9.99342338e-01]
 [3.07313709e-10 2.06776719e-06 2.93102877e-04 9.99704829e-01]
 [3.12431776e-10 1.07388962e-06 5.76043580e-04 9.99422882e-01]
 [3.71798392e-10 3.32190662e-05 2.16235854e-05 9.99945157e-01]
 [1.57570880e-10 8.98063589e-05 3.39832835e-06 9.99906795e-01]
 [3.16074389e-10 2.79360657e-04 2.15797139e-06 9.99718481e-01]
 [3.91663210e-10 2.11381265e-06 3.64378937e-04 9.99633507e-01]
 [5.96688753e-05 9.99917010e-01 1.82737160e-09 2.33194009e-05]
 [9.99442394e-01 4.30320320e-04 1.27237001e-04 4.89946185e-08]
 [1.03083739e-06 8.69689747e-11 9.99947118e-01 5.18510140e-05]
 [7.10702138e-10 2.15618479e-04 6.24326739e-06 9.99778138e-01]
 [3.49095218e-07 9.99459616e-01 2.76673802e-10 5.40034768e-04]
 [5.64661658e-06 1.21032641e-09 9.99860044e-01 1.34307978e-04]
 [6.04879311e-10 7.39504163e-07 1.61038112e-03 9.98388879e-01]
 [3.21737168e-10 5.52188308e-06 1.14112940e-04 9.99880365e-01]
 [6.26354557e-03 2.16288046e-07 9.93711493e-01 2.47448062e-05]
 [3.38513879e-10 7.69974840e-05 8.45410102e-06 9.99914548e-01]
 [4.68749121e-10 4.20854023e-05 2.14305228e-05 9.99936484e-01]
 [3.46648431e-10 2.31386171e-05 2.90368669e-05 9.99947824e-01]
 [2.59394763e-05 2.68838485e-11 9.99973355e-01 7.05573304e-07]
 [1.28240134e-05 9.99962598e-01 4.21228992e-10 2.45779881e-05]
 [8.23585610e-07 1.56607188e-10 9.99883768e-01 1.15407780e-04]
 [2.96871699e-10 4.33041494e-06 1.34598936e-04 9.99861070e-01]
 [1.23481415e-09 1.00967362e-03 2.27700171e-06 9.98988048e-01]
 [5.68053254e-10 2.33463107e-06 4.76205257e-04 9.99521460e-01]
 [1.22916577e-09 2.91919749e-06 8.15730925e-04 9.99181349e-01]
 [1.85838227e-05 1.49808113e-09 9.99929314e-01 5.21005975e-05]
 [9.99995757e-01 2.20501165e-07 4.02227190e-06 9.12337408e-13]
 [1.84813066e-09 2.56859637e-01 9.50816306e-09 7.43140352e-01]
 [6.31690757e-10 7.45365975e-04 1.59303993e-06 9.99253040e-01]
 [6.71980636e-10 3.81163036e-05 3.38118312e-05 9.99928071e-01]
 [2.36360773e-04 9.99748022e-01 4.74224678e-09 1.56128372e-05]
 [9.99858338e-01 5.37456019e-05 8.79125447e-05 4.34821798e-09]
 [3.95861175e-10 3.01128962e-06 2.57902725e-04 9.99739086e-01]
 [9.99698721e-01 2.22116796e-05 2.79061252e-04 5.64527975e-09]
 [4.69555533e-10 1.16415864e-03 7.57990401e-07 9.98835083e-01]
 [5.54423757e-06 2.87173036e-09 9.99673080e-01 3.21372526e-04]
 [8.68483570e-10 2.25830496e-03 7.13933258e-07 9.97740980e-01]
 [5.48979707e-10 1.72460479e-05 6.15120819e-05 9.99921241e-01]
 [4.91127300e-10 4.26775056e-06 2.24719659e-04 9.99771012e-01]
 [8.65533618e-06 2.23090356e-09 9.99828967e-01 1.62375512e-04]
 [9.99871349e-01 8.61902387e-05 4.24569018e-05 3.39307846e-09]
 [9.99997307e-01 2.57967882e-08 2.66744721e-06 7.29276802e-14]
 [4.57439151e-10 4.74884667e-06 1.88116481e-04 9.99807134e-01]
 [4.86601318e-10 2.27159397e-05 4.13713701e-05 9.99935912e-01]
 [9.99838173e-01 4.71490476e-05 1.14673142e-04 4.95990871e-09]
 [5.30307573e-05 1.97082311e-09 9.99922308e-01 2.46591623e-05]
 [6.10593688e-10 2.96673473e-03 3.82550883e-07 9.97032882e-01]
 [2.75336827e-06 9.99790760e-01 8.02058156e-10 2.06485332e-04]
 [4.36512198e-10 1.49683299e-04 5.56695824e-06 9.99844749e-01]
 [2.63072170e-06 4.39382434e-11 9.99986756e-01 1.06131394e-05]
 [4.33283555e-10 1.18354120e-05 7.11040538e-05 9.99917060e-01]
 [3.27174125e-10 1.64761412e-06 3.91915633e-04 9.99606436e-01]
 [1.05629702e-05 9.30286614e-10 9.99933119e-01 5.63166030e-05]
 [1.46808359e-02 8.50166714e-07 9.85276782e-01 4.15321619e-05]
 [9.99896232e-01 7.40594575e-05 2.97065264e-05 2.05580783e-09]
 [5.08805242e-05 9.99790392e-01 1.09888057e-08 1.58716023e-04]
 [9.51752331e-10 1.42736656e-03 1.24151360e-06 9.98571391e-01]
 [9.99966720e-01 1.59149306e-05 1.73644674e-05 2.64904692e-10]
 [7.38676524e-05 6.81336541e-08 9.99331494e-01 5.94570368e-04]
 [7.87375817e-10 2.03831283e-05 7.42706858e-05 9.99905345e-01]
 [1.46885137e-05 5.07037734e-10 9.99962890e-01 2.24214635e-05]
 [1.08440901e-09 5.62417299e-02 3.30186831e-08 9.43758236e-01]
 [1.41835828e-04 3.25869168e-08 9.99706077e-01 1.52055027e-04]
 [4.98789331e-05 9.99932308e-01 1.16348656e-09 1.78115844e-05]
 [4.18320947e-10 1.28737143e-05 6.31004379e-05 9.99924025e-01]
 [9.99963770e-01 3.59879396e-05 2.42126698e-07 8.91382726e-12]
 [7.54166689e-10 1.43299082e-04 9.99044762e-06 9.99846710e-01]
 [9.99628361e-01 2.80401799e-04 9.12145762e-05 2.31193105e-08]]
new_cluster_miu: 
[[-5.50864528 -5.19109573]
 [-4.68595827  5.21317254]
 [ 4.82426726 -5.50758622]
 [ 5.30194656  4.65645955]]
new_cluster_Sigma: 
[[[2.56923328 2.56923328]
  [2.56923328 2.56923328]]

 [[2.76138505 2.76138505]
  [2.76138505 2.76138505]]

 [[2.30242938 2.30242938]
  [2.30242938 2.30242938]]

 [[3.98716385 3.98716385]
  [3.98716385 3.98716385]]]
new_cluster_pi: 
[0.16019143 0.10332664 0.239917   0.49656492]
--------------------------

